
  .   ____          _            __ _ _
 /\\ / ___'_ __ _ _(_)_ __  __ _ \ \ \ \
( ( )\___ | '_ | '_| | '_ \/ _` | \ \ \ \
 \\/  ___)| |_)| | | | | || (_| |  ) ) ) )
  '  |____| .__|_| |_|_| |_\__, | / / / /
 =========|_|==============|___/=/_/_/_/
 :: Spring Boot ::                (v2.4.2)

13:19:44.922 INFO  [File:RepositoryConfigurationDelegate.java] [Func:registerRepositoriesIn] [Line:128] [Message:Bootstrapping Spring Data JPA repositories in DEFAULT mode.]- Bootstrapping Spring Data JPA repositories in DEFAULT mode.
13:19:44.983 INFO  [File:RepositoryConfigurationDelegate.java] [Func:registerRepositoriesIn] [Line:188] [Message:Finished Spring Data repository scanning in 25 ms. Found 0 JPA repository interfaces.]- Finished Spring Data repository scanning in 25 ms. Found 0 JPA repository interfaces.
13:19:46.635 INFO  [File:TomcatWebServer.java] [Func:initialize] [Line:108] [Message:Tomcat initialized with port(s): 9000 (http)]- Tomcat initialized with port(s): 9000 (http)
13:19:46.663 INFO  [File:DirectJDKLog.java] [Func:log] [Line:173] [Message:Initializing ProtocolHandler ["http-nio-9000"]]- Initializing ProtocolHandler ["http-nio-9000"]
13:19:46.669 INFO  [File:DirectJDKLog.java] [Func:log] [Line:173] [Message:Starting service [Tomcat]]- Starting service [Tomcat]
13:19:46.669 INFO  [File:DirectJDKLog.java] [Func:log] [Line:173] [Message:Starting Servlet engine: [Apache Tomcat/9.0.41]]- Starting Servlet engine: [Apache Tomcat/9.0.41]
13:19:46.807 INFO  [File:DirectJDKLog.java] [Func:log] [Line:173] [Message:Initializing Spring embedded WebApplicationContext]- Initializing Spring embedded WebApplicationContext
13:19:46.807 INFO  [File:ServletWebServerApplicationContext.java] [Func:prepareWebApplicationContext] [Line:289] [Message:Root WebApplicationContext: initialization completed in 3833 ms]- Root WebApplicationContext: initialization completed in 3833 ms
13:19:47.868 INFO  [File:HikariDataSource.java] [Func:getConnection] [Line:110] [Message:HikariPool-1 - Starting...]- HikariPool-1 - Starting...
13:19:48.887 INFO  [File:HikariDataSource.java] [Func:getConnection] [Line:123] [Message:HikariPool-1 - Start completed.]- HikariPool-1 - Start completed.
13:19:49.060 INFO  [File:LogHelper.java] [Func:logPersistenceUnitInformation] [Line:31] [Message:HHH000204: Processing PersistenceUnitInfo [name: default]]- HHH000204: Processing PersistenceUnitInfo [name: default]
13:19:49.302 INFO  [File:Version.java] [Func:logVersion] [Line:44] [Message:HHH000412: Hibernate ORM core version 5.4.27.Final]- HHH000412: Hibernate ORM core version 5.4.27.Final
13:19:49.859 INFO  [File:JavaReflectionManager.java] [Func:<clinit>] [Line:56] [Message:HCANN000001: Hibernate Commons Annotations {5.1.2.Final}]- HCANN000001: Hibernate Commons Annotations {5.1.2.Final}
13:19:50.199 INFO  [File:Dialect.java] [Func:<init>] [Line:175] [Message:HHH000400: Using dialect: org.hibernate.dialect.MySQL8Dialect]- HHH000400: Using dialect: org.hibernate.dialect.MySQL8Dialect
13:19:50.652 INFO  [File:JtaPlatformInitiator.java] [Func:initiateService] [Line:52] [Message:HHH000490: Using JtaPlatform implementation: [org.hibernate.engine.transaction.jta.platform.internal.NoJtaPlatform]]- HHH000490: Using JtaPlatform implementation: [org.hibernate.engine.transaction.jta.platform.internal.NoJtaPlatform]
13:19:50.670 INFO  [File:AbstractEntityManagerFactoryBean.java] [Func:buildNativeEntityManagerFactory] [Line:437] [Message:Initialized JPA EntityManagerFactory for persistence unit 'default']- Initialized JPA EntityManagerFactory for persistence unit 'default'
13:19:50.917 WARN  [File:JpaBaseConfiguration.java] [Func:openEntityManagerInViewInterceptor] [Line:221] [Message:spring.jpa.open-in-view is enabled by default. Therefore, database queries may be performed during view rendering. Explicitly configure spring.jpa.open-in-view to disable this warning]- spring.jpa.open-in-view is enabled by default. Therefore, database queries may be performed during view rendering. Explicitly configure spring.jpa.open-in-view to disable this warning
13:19:51.129 INFO  [File:UserDetailsServiceAutoConfiguration.java] [Func:getOrDeducePassword] [Line:86] [Message:

Using generated security password: 03eeb821-3655-4d51-9ecf-d43283dcb51c
]- 

Using generated security password: 03eeb821-3655-4d51-9ecf-d43283dcb51c

13:19:51.348 INFO  [File:DefaultSecurityFilterChain.java] [Func:<init>] [Line:51] [Message:Will secure any request with [org.springframework.security.web.context.request.async.WebAsyncManagerIntegrationFilter@2184b4f4, org.springframework.security.web.context.SecurityContextPersistenceFilter@6fd12c5, org.springframework.security.web.header.HeaderWriterFilter@5e671e20, org.springframework.security.web.authentication.logout.LogoutFilter@2e060819, org.springframework.security.web.savedrequest.RequestCacheAwareFilter@4d1f1ff5, org.springframework.security.web.servletapi.SecurityContextHolderAwareRequestFilter@61a1ea2c, org.springframework.security.web.authentication.AnonymousAuthenticationFilter@7d199c68, org.springframework.security.web.session.SessionManagementFilter@64968732, org.springframework.security.web.access.ExceptionTranslationFilter@59e43e8c]]- Will secure any request with [org.springframework.security.web.context.request.async.WebAsyncManagerIntegrationFilter@2184b4f4, org.springframework.security.web.context.SecurityContextPersistenceFilter@6fd12c5, org.springframework.security.web.header.HeaderWriterFilter@5e671e20, org.springframework.security.web.authentication.logout.LogoutFilter@2e060819, org.springframework.security.web.savedrequest.RequestCacheAwareFilter@4d1f1ff5, org.springframework.security.web.servletapi.SecurityContextHolderAwareRequestFilter@61a1ea2c, org.springframework.security.web.authentication.AnonymousAuthenticationFilter@7d199c68, org.springframework.security.web.session.SessionManagementFilter@64968732, org.springframework.security.web.access.ExceptionTranslationFilter@59e43e8c]
13:19:51.709 INFO  [File:ExecutorConfigurationSupport.java] [Func:initialize] [Line:181] [Message:Initializing ExecutorService 'applicationTaskExecutor']- Initializing ExecutorService 'applicationTaskExecutor'
13:19:52.225 INFO  [File:DirectJDKLog.java] [Func:log] [Line:173] [Message:Starting ProtocolHandler ["http-nio-9000"]]- Starting ProtocolHandler ["http-nio-9000"]
13:19:52.283 INFO  [File:TomcatWebServer.java] [Func:start] [Line:220] [Message:Tomcat started on port(s): 9000 (http) with context path '']- Tomcat started on port(s): 9000 (http) with context path ''
HEAP Size(M) : 34 MB
13:22:21.820 INFO  [File:DirectJDKLog.java] [Func:log] [Line:173] [Message:Initializing Spring DispatcherServlet 'dispatcherServlet']- Initializing Spring DispatcherServlet 'dispatcherServlet'
13:22:21.820 INFO  [File:FrameworkServlet.java] [Func:initServletBean] [Line:525] [Message:Initializing Servlet 'dispatcherServlet']- Initializing Servlet 'dispatcherServlet'
13:22:21.822 INFO  [File:FrameworkServlet.java] [Func:initServletBean] [Line:547] [Message:Completed initialization in 2 ms]- Completed initialization in 2 ms
테스트
13:27:53.721 WARN  [File:TestController.java] [Func:getAll] [Line:35] [Message:Warn Level 테스트]- Warn Level 테스트
13:27:53.725 ERROR [File:TestController.java] [Func:getAll] [Line:38] [Message:ERROR Level 테스트]- ERROR Level 테스트
테스트
13:27:55.238 WARN  [File:TestController.java] [Func:getAll] [Line:35] [Message:Warn Level 테스트]- Warn Level 테스트
13:27:55.239 ERROR [File:TestController.java] [Func:getAll] [Line:38] [Message:ERROR Level 테스트]- ERROR Level 테스트
테스트
13:27:55.884 WARN  [File:TestController.java] [Func:getAll] [Line:35] [Message:Warn Level 테스트]- Warn Level 테스트
13:27:55.884 ERROR [File:TestController.java] [Func:getAll] [Line:38] [Message:ERROR Level 테스트]- ERROR Level 테스트

  .   ____          _            __ _ _
 /\\ / ___'_ __ _ _(_)_ __  __ _ \ \ \ \
( ( )\___ | '_ | '_| | '_ \/ _` | \ \ \ \
 \\/  ___)| |_)| | | | | || (_| |  ) ) ) )
  '  |____| .__|_| |_|_| |_\__, | / / / /
 =========|_|==============|___/=/_/_/_/
 :: Spring Boot ::                (v2.4.2)

13:35:17.160 INFO  [File:RepositoryConfigurationDelegate.java] [Func:registerRepositoriesIn] [Line:128] [Message:Bootstrapping Spring Data JPA repositories in DEFAULT mode.]- Bootstrapping Spring Data JPA repositories in DEFAULT mode.
13:35:17.212 INFO  [File:RepositoryConfigurationDelegate.java] [Func:registerRepositoriesIn] [Line:188] [Message:Finished Spring Data repository scanning in 24 ms. Found 0 JPA repository interfaces.]- Finished Spring Data repository scanning in 24 ms. Found 0 JPA repository interfaces.
13:35:18.726 INFO  [File:TomcatWebServer.java] [Func:initialize] [Line:108] [Message:Tomcat initialized with port(s): 9000 (http)]- Tomcat initialized with port(s): 9000 (http)
13:35:18.754 INFO  [File:DirectJDKLog.java] [Func:log] [Line:173] [Message:Initializing ProtocolHandler ["http-nio-9000"]]- Initializing ProtocolHandler ["http-nio-9000"]
13:35:18.756 INFO  [File:DirectJDKLog.java] [Func:log] [Line:173] [Message:Starting service [Tomcat]]- Starting service [Tomcat]
13:35:18.756 INFO  [File:DirectJDKLog.java] [Func:log] [Line:173] [Message:Starting Servlet engine: [Apache Tomcat/9.0.41]]- Starting Servlet engine: [Apache Tomcat/9.0.41]
13:35:18.919 INFO  [File:DirectJDKLog.java] [Func:log] [Line:173] [Message:Initializing Spring embedded WebApplicationContext]- Initializing Spring embedded WebApplicationContext
13:35:18.919 INFO  [File:ServletWebServerApplicationContext.java] [Func:prepareWebApplicationContext] [Line:289] [Message:Root WebApplicationContext: initialization completed in 3649 ms]- Root WebApplicationContext: initialization completed in 3649 ms
13:35:19.902 INFO  [File:HikariDataSource.java] [Func:getConnection] [Line:110] [Message:HikariPool-1 - Starting...]- HikariPool-1 - Starting...
13:35:20.830 INFO  [File:HikariDataSource.java] [Func:getConnection] [Line:123] [Message:HikariPool-1 - Start completed.]- HikariPool-1 - Start completed.
13:35:20.984 INFO  [File:LogHelper.java] [Func:logPersistenceUnitInformation] [Line:31] [Message:HHH000204: Processing PersistenceUnitInfo [name: default]]- HHH000204: Processing PersistenceUnitInfo [name: default]
13:35:21.196 INFO  [File:Version.java] [Func:logVersion] [Line:44] [Message:HHH000412: Hibernate ORM core version 5.4.27.Final]- HHH000412: Hibernate ORM core version 5.4.27.Final
13:35:21.762 INFO  [File:JavaReflectionManager.java] [Func:<clinit>] [Line:56] [Message:HCANN000001: Hibernate Commons Annotations {5.1.2.Final}]- HCANN000001: Hibernate Commons Annotations {5.1.2.Final}
13:35:22.063 INFO  [File:Dialect.java] [Func:<init>] [Line:175] [Message:HHH000400: Using dialect: org.hibernate.dialect.MySQL8Dialect]- HHH000400: Using dialect: org.hibernate.dialect.MySQL8Dialect
13:35:22.586 INFO  [File:JtaPlatformInitiator.java] [Func:initiateService] [Line:52] [Message:HHH000490: Using JtaPlatform implementation: [org.hibernate.engine.transaction.jta.platform.internal.NoJtaPlatform]]- HHH000490: Using JtaPlatform implementation: [org.hibernate.engine.transaction.jta.platform.internal.NoJtaPlatform]
13:35:22.607 INFO  [File:AbstractEntityManagerFactoryBean.java] [Func:buildNativeEntityManagerFactory] [Line:437] [Message:Initialized JPA EntityManagerFactory for persistence unit 'default']- Initialized JPA EntityManagerFactory for persistence unit 'default'
13:35:22.845 WARN  [File:JpaBaseConfiguration.java] [Func:openEntityManagerInViewInterceptor] [Line:221] [Message:spring.jpa.open-in-view is enabled by default. Therefore, database queries may be performed during view rendering. Explicitly configure spring.jpa.open-in-view to disable this warning]- spring.jpa.open-in-view is enabled by default. Therefore, database queries may be performed during view rendering. Explicitly configure spring.jpa.open-in-view to disable this warning
13:35:23.060 INFO  [File:UserDetailsServiceAutoConfiguration.java] [Func:getOrDeducePassword] [Line:86] [Message:

Using generated security password: c5cc9b1a-805e-40df-9fe0-1fae306c4340
]- 

Using generated security password: c5cc9b1a-805e-40df-9fe0-1fae306c4340

13:35:23.263 INFO  [File:DefaultSecurityFilterChain.java] [Func:<init>] [Line:51] [Message:Will secure any request with [org.springframework.security.web.context.request.async.WebAsyncManagerIntegrationFilter@2e060819, org.springframework.security.web.context.SecurityContextPersistenceFilter@64968732, org.springframework.security.web.header.HeaderWriterFilter@59e43e8c, org.springframework.security.web.authentication.logout.LogoutFilter@43b40233, org.springframework.security.web.savedrequest.RequestCacheAwareFilter@6fd12c5, org.springframework.security.web.servletapi.SecurityContextHolderAwareRequestFilter@4c2fb9dd, org.springframework.security.web.authentication.AnonymousAuthenticationFilter@42c28305, org.springframework.security.web.session.SessionManagementFilter@5e8cda75, org.springframework.security.web.access.ExceptionTranslationFilter@65f2f9b0]]- Will secure any request with [org.springframework.security.web.context.request.async.WebAsyncManagerIntegrationFilter@2e060819, org.springframework.security.web.context.SecurityContextPersistenceFilter@64968732, org.springframework.security.web.header.HeaderWriterFilter@59e43e8c, org.springframework.security.web.authentication.logout.LogoutFilter@43b40233, org.springframework.security.web.savedrequest.RequestCacheAwareFilter@6fd12c5, org.springframework.security.web.servletapi.SecurityContextHolderAwareRequestFilter@4c2fb9dd, org.springframework.security.web.authentication.AnonymousAuthenticationFilter@42c28305, org.springframework.security.web.session.SessionManagementFilter@5e8cda75, org.springframework.security.web.access.ExceptionTranslationFilter@65f2f9b0]
13:35:23.596 INFO  [File:ExecutorConfigurationSupport.java] [Func:initialize] [Line:181] [Message:Initializing ExecutorService 'applicationTaskExecutor']- Initializing ExecutorService 'applicationTaskExecutor'
13:35:24.095 INFO  [File:DirectJDKLog.java] [Func:log] [Line:173] [Message:Starting ProtocolHandler ["http-nio-9000"]]- Starting ProtocolHandler ["http-nio-9000"]
13:35:24.148 INFO  [File:TomcatWebServer.java] [Func:start] [Line:220] [Message:Tomcat started on port(s): 9000 (http) with context path '']- Tomcat started on port(s): 9000 (http) with context path ''
HEAP Size(M) : 34 MB

  .   ____          _            __ _ _
 /\\ / ___'_ __ _ _(_)_ __  __ _ \ \ \ \
( ( )\___ | '_ | '_| | '_ \/ _` | \ \ \ \
 \\/  ___)| |_)| | | | | || (_| |  ) ) ) )
  '  |____| .__|_| |_|_| |_\__, | / / / /
 =========|_|==============|___/=/_/_/_/
 :: Spring Boot ::                (v2.4.2)

10:43:31.247 INFO  [File:RepositoryConfigurationDelegate.java] [Func:registerRepositoriesIn] [Line:128] [Message:Bootstrapping Spring Data JPA repositories in DEFAULT mode.]- Bootstrapping Spring Data JPA repositories in DEFAULT mode.
10:43:31.309 INFO  [File:RepositoryConfigurationDelegate.java] [Func:registerRepositoriesIn] [Line:188] [Message:Finished Spring Data repository scanning in 21 ms. Found 0 JPA repository interfaces.]- Finished Spring Data repository scanning in 21 ms. Found 0 JPA repository interfaces.
10:43:32.968 INFO  [File:TomcatWebServer.java] [Func:initialize] [Line:108] [Message:Tomcat initialized with port(s): 9000 (http)]- Tomcat initialized with port(s): 9000 (http)
10:43:32.995 INFO  [File:DirectJDKLog.java] [Func:log] [Line:173] [Message:Initializing ProtocolHandler ["http-nio-9000"]]- Initializing ProtocolHandler ["http-nio-9000"]
10:43:33.002 INFO  [File:DirectJDKLog.java] [Func:log] [Line:173] [Message:Starting service [Tomcat]]- Starting service [Tomcat]
10:43:33.002 INFO  [File:DirectJDKLog.java] [Func:log] [Line:173] [Message:Starting Servlet engine: [Apache Tomcat/9.0.41]]- Starting Servlet engine: [Apache Tomcat/9.0.41]
10:43:33.158 INFO  [File:DirectJDKLog.java] [Func:log] [Line:173] [Message:Initializing Spring embedded WebApplicationContext]- Initializing Spring embedded WebApplicationContext
10:43:33.159 INFO  [File:ServletWebServerApplicationContext.java] [Func:prepareWebApplicationContext] [Line:289] [Message:Root WebApplicationContext: initialization completed in 3885 ms]- Root WebApplicationContext: initialization completed in 3885 ms
10:43:34.197 INFO  [File:HikariDataSource.java] [Func:getConnection] [Line:110] [Message:HikariPool-1 - Starting...]- HikariPool-1 - Starting...
10:43:35.214 INFO  [File:HikariDataSource.java] [Func:getConnection] [Line:123] [Message:HikariPool-1 - Start completed.]- HikariPool-1 - Start completed.
10:43:35.375 INFO  [File:LogHelper.java] [Func:logPersistenceUnitInformation] [Line:31] [Message:HHH000204: Processing PersistenceUnitInfo [name: default]]- HHH000204: Processing PersistenceUnitInfo [name: default]
10:43:35.611 INFO  [File:Version.java] [Func:logVersion] [Line:44] [Message:HHH000412: Hibernate ORM core version 5.4.27.Final]- HHH000412: Hibernate ORM core version 5.4.27.Final
10:43:36.159 INFO  [File:JavaReflectionManager.java] [Func:<clinit>] [Line:56] [Message:HCANN000001: Hibernate Commons Annotations {5.1.2.Final}]- HCANN000001: Hibernate Commons Annotations {5.1.2.Final}
10:43:36.486 INFO  [File:Dialect.java] [Func:<init>] [Line:175] [Message:HHH000400: Using dialect: org.hibernate.dialect.MySQL8Dialect]- HHH000400: Using dialect: org.hibernate.dialect.MySQL8Dialect
10:43:36.993 INFO  [File:JtaPlatformInitiator.java] [Func:initiateService] [Line:52] [Message:HHH000490: Using JtaPlatform implementation: [org.hibernate.engine.transaction.jta.platform.internal.NoJtaPlatform]]- HHH000490: Using JtaPlatform implementation: [org.hibernate.engine.transaction.jta.platform.internal.NoJtaPlatform]
10:43:37.017 INFO  [File:AbstractEntityManagerFactoryBean.java] [Func:buildNativeEntityManagerFactory] [Line:437] [Message:Initialized JPA EntityManagerFactory for persistence unit 'default']- Initialized JPA EntityManagerFactory for persistence unit 'default'
10:43:37.253 WARN  [File:JpaBaseConfiguration.java] [Func:openEntityManagerInViewInterceptor] [Line:221] [Message:spring.jpa.open-in-view is enabled by default. Therefore, database queries may be performed during view rendering. Explicitly configure spring.jpa.open-in-view to disable this warning]- spring.jpa.open-in-view is enabled by default. Therefore, database queries may be performed during view rendering. Explicitly configure spring.jpa.open-in-view to disable this warning
10:43:37.442 INFO  [File:UserDetailsServiceAutoConfiguration.java] [Func:getOrDeducePassword] [Line:86] [Message:

Using generated security password: 62edf830-b08d-44c0-b5a4-e661c9b9f8f1
]- 

Using generated security password: 62edf830-b08d-44c0-b5a4-e661c9b9f8f1

10:43:37.641 INFO  [File:DefaultSecurityFilterChain.java] [Func:<init>] [Line:51] [Message:Will secure any request with [org.springframework.security.web.context.request.async.WebAsyncManagerIntegrationFilter@5fe7f967, org.springframework.security.web.context.SecurityContextPersistenceFilter@64524dd, org.springframework.security.web.header.HeaderWriterFilter@6c518474, org.springframework.security.web.authentication.logout.LogoutFilter@4867ab9f, org.springframework.security.web.savedrequest.RequestCacheAwareFilter@47a7a101, org.springframework.security.web.servletapi.SecurityContextHolderAwareRequestFilter@74dbb1ee, org.springframework.security.web.authentication.AnonymousAuthenticationFilter@59e43e8c, org.springframework.security.web.session.SessionManagementFilter@74294c1a, org.springframework.security.web.access.ExceptionTranslationFilter@6ecab872]]- Will secure any request with [org.springframework.security.web.context.request.async.WebAsyncManagerIntegrationFilter@5fe7f967, org.springframework.security.web.context.SecurityContextPersistenceFilter@64524dd, org.springframework.security.web.header.HeaderWriterFilter@6c518474, org.springframework.security.web.authentication.logout.LogoutFilter@4867ab9f, org.springframework.security.web.savedrequest.RequestCacheAwareFilter@47a7a101, org.springframework.security.web.servletapi.SecurityContextHolderAwareRequestFilter@74dbb1ee, org.springframework.security.web.authentication.AnonymousAuthenticationFilter@59e43e8c, org.springframework.security.web.session.SessionManagementFilter@74294c1a, org.springframework.security.web.access.ExceptionTranslationFilter@6ecab872]
10:43:37.965 INFO  [File:ExecutorConfigurationSupport.java] [Func:initialize] [Line:181] [Message:Initializing ExecutorService 'applicationTaskExecutor']- Initializing ExecutorService 'applicationTaskExecutor'
10:43:38.471 INFO  [File:DirectJDKLog.java] [Func:log] [Line:173] [Message:Starting ProtocolHandler ["http-nio-9000"]]- Starting ProtocolHandler ["http-nio-9000"]
10:43:38.527 INFO  [File:TomcatWebServer.java] [Func:start] [Line:220] [Message:Tomcat started on port(s): 9000 (http) with context path '']- Tomcat started on port(s): 9000 (http) with context path ''
HEAP Size(M) : 34 MB
10:51:12.920 INFO  [File:DirectJDKLog.java] [Func:log] [Line:175] [Message:Error parsing HTTP request header
 Note: further occurrences of HTTP request parsing errors will be logged at DEBUG level.]- Error parsing HTTP request header
 Note: further occurrences of HTTP request parsing errors will be logged at DEBUG level.
java.lang.IllegalArgumentException: Invalid character found in method name [0x160x030x010x000x9a0x010x000x000x960x030x03S*0x1dp0xce0x1cC0x040xb50xeaJ0xe0\0xaa=0x040x99n+0xd60xb80xf20xe140x93.0xffa0xce0x8b50x9e0x000x000x1a0xc0/0xc0+0xc00x110xc00x070xc00x130xc00x090xc00x140xc00x0a0x000x050x00/0x0050xc00x120x000x0a0x010x000x00S0x000x050x000x050x010x000x000x000x000x000x0a0x000x080x000x060x000x170x000x180x000x190x000x0b0x000x020x010x000x000x0d0x00&0x00$0x060x010x060x030x060x020x050x010x050x030x050x020x040x010x040x030x040x020x030x010x030x030x030x020x020x010x020x030x020x020x010x010x010x030x010x020xff0x010x000x010x000x000x0f0x000x010x010x000x120x00...]. HTTP method names must be tokens
	at org.apache.coyote.http11.Http11InputBuffer.parseRequestLine(Http11InputBuffer.java:417)
	at org.apache.coyote.http11.Http11Processor.service(Http11Processor.java:261)
	at org.apache.coyote.AbstractProcessorLight.process(AbstractProcessorLight.java:65)
	at org.apache.coyote.AbstractProtocol$ConnectionHandler.process(AbstractProtocol.java:888)
	at org.apache.tomcat.util.net.NioEndpoint$SocketProcessor.doRun(NioEndpoint.java:1597)
	at org.apache.tomcat.util.net.SocketProcessorBase.run(SocketProcessorBase.java:49)
	at java.base/java.util.concurrent.ThreadPoolExecutor.runWorker(ThreadPoolExecutor.java:1128)
	at java.base/java.util.concurrent.ThreadPoolExecutor$Worker.run(ThreadPoolExecutor.java:628)
	at org.apache.tomcat.util.threads.TaskThread$WrappingRunnable.run(TaskThread.java:61)
	at java.base/java.lang.Thread.run(Thread.java:829)
11:05:10.513 INFO  [File:DirectJDKLog.java] [Func:log] [Line:173] [Message:Initializing Spring DispatcherServlet 'dispatcherServlet']- Initializing Spring DispatcherServlet 'dispatcherServlet'
11:05:10.514 INFO  [File:FrameworkServlet.java] [Func:initServletBean] [Line:525] [Message:Initializing Servlet 'dispatcherServlet']- Initializing Servlet 'dispatcherServlet'
11:05:10.515 INFO  [File:FrameworkServlet.java] [Func:initServletBean] [Line:547] [Message:Completed initialization in 1 ms]- Completed initialization in 1 ms
11:07:15.317 ERROR [File:DirectJDKLog.java] [Func:log] [Line:175] [Message:Servlet.service() for servlet [dispatcherServlet] in context with path [] threw exception]- Servlet.service() for servlet [dispatcherServlet] in context with path [] threw exception
org.springframework.security.web.firewall.RequestRejectedException: The request was rejected because the URL contained a potentially malicious String "//"
	at org.springframework.security.web.firewall.StrictHttpFirewall.rejectedBlocklistedUrls(StrictHttpFirewall.java:456)
	at org.springframework.security.web.firewall.StrictHttpFirewall.getFirewalledRequest(StrictHttpFirewall.java:429)
	at org.springframework.security.web.FilterChainProxy.doFilterInternal(FilterChainProxy.java:196)
	at org.springframework.security.web.FilterChainProxy.doFilter(FilterChainProxy.java:183)
	at org.springframework.web.filter.DelegatingFilterProxy.invokeDelegate(DelegatingFilterProxy.java:358)
	at org.springframework.web.filter.DelegatingFilterProxy.doFilter(DelegatingFilterProxy.java:271)
	at org.apache.catalina.core.ApplicationFilterChain.internalDoFilter(ApplicationFilterChain.java:193)
	at org.apache.catalina.core.ApplicationFilterChain.doFilter(ApplicationFilterChain.java:166)
	at org.springframework.web.filter.RequestContextFilter.doFilterInternal(RequestContextFilter.java:100)
	at org.springframework.web.filter.OncePerRequestFilter.doFilter(OncePerRequestFilter.java:119)
	at org.apache.catalina.core.ApplicationFilterChain.internalDoFilter(ApplicationFilterChain.java:193)
	at org.apache.catalina.core.ApplicationFilterChain.doFilter(ApplicationFilterChain.java:166)
	at org.springframework.web.filter.FormContentFilter.doFilterInternal(FormContentFilter.java:93)
	at org.springframework.web.filter.OncePerRequestFilter.doFilter(OncePerRequestFilter.java:119)
	at org.apache.catalina.core.ApplicationFilterChain.internalDoFilter(ApplicationFilterChain.java:193)
	at org.apache.catalina.core.ApplicationFilterChain.doFilter(ApplicationFilterChain.java:166)
	at org.springframework.web.filter.CharacterEncodingFilter.doFilterInternal(CharacterEncodingFilter.java:201)
	at org.springframework.web.filter.OncePerRequestFilter.doFilter(OncePerRequestFilter.java:119)
	at org.apache.catalina.core.ApplicationFilterChain.internalDoFilter(ApplicationFilterChain.java:193)
	at org.apache.catalina.core.ApplicationFilterChain.doFilter(ApplicationFilterChain.java:166)
	at org.apache.catalina.core.StandardWrapperValve.invoke(StandardWrapperValve.java:202)
	at org.apache.catalina.core.StandardContextValve.invoke(StandardContextValve.java:97)
	at org.apache.catalina.authenticator.AuthenticatorBase.invoke(AuthenticatorBase.java:542)
	at org.apache.catalina.core.StandardHostValve.invoke(StandardHostValve.java:143)
	at org.apache.catalina.valves.ErrorReportValve.invoke(ErrorReportValve.java:92)
	at org.apache.catalina.core.StandardEngineValve.invoke(StandardEngineValve.java:78)
	at org.apache.catalina.connector.CoyoteAdapter.service(CoyoteAdapter.java:343)
	at org.apache.coyote.http11.Http11Processor.service(Http11Processor.java:374)
	at org.apache.coyote.AbstractProcessorLight.process(AbstractProcessorLight.java:65)
	at org.apache.coyote.AbstractProtocol$ConnectionHandler.process(AbstractProtocol.java:888)
	at org.apache.tomcat.util.net.NioEndpoint$SocketProcessor.doRun(NioEndpoint.java:1597)
	at org.apache.tomcat.util.net.SocketProcessorBase.run(SocketProcessorBase.java:49)
	at java.base/java.util.concurrent.ThreadPoolExecutor.runWorker(ThreadPoolExecutor.java:1128)
	at java.base/java.util.concurrent.ThreadPoolExecutor$Worker.run(ThreadPoolExecutor.java:628)
	at org.apache.tomcat.util.threads.TaskThread$WrappingRunnable.run(TaskThread.java:61)
	at java.base/java.lang.Thread.run(Thread.java:829)
11:07:16.251 ERROR [File:DirectJDKLog.java] [Func:log] [Line:175] [Message:Servlet.service() for servlet [dispatcherServlet] in context with path [] threw exception]- Servlet.service() for servlet [dispatcherServlet] in context with path [] threw exception
org.springframework.security.web.firewall.RequestRejectedException: The request was rejected because the URL contained a potentially malicious String "//"
	at org.springframework.security.web.firewall.StrictHttpFirewall.rejectedBlocklistedUrls(StrictHttpFirewall.java:456)
	at org.springframework.security.web.firewall.StrictHttpFirewall.getFirewalledRequest(StrictHttpFirewall.java:429)
	at org.springframework.security.web.FilterChainProxy.doFilterInternal(FilterChainProxy.java:196)
	at org.springframework.security.web.FilterChainProxy.doFilter(FilterChainProxy.java:183)
	at org.springframework.web.filter.DelegatingFilterProxy.invokeDelegate(DelegatingFilterProxy.java:358)
	at org.springframework.web.filter.DelegatingFilterProxy.doFilter(DelegatingFilterProxy.java:271)
	at org.apache.catalina.core.ApplicationFilterChain.internalDoFilter(ApplicationFilterChain.java:193)
	at org.apache.catalina.core.ApplicationFilterChain.doFilter(ApplicationFilterChain.java:166)
	at org.springframework.web.filter.RequestContextFilter.doFilterInternal(RequestContextFilter.java:100)
	at org.springframework.web.filter.OncePerRequestFilter.doFilter(OncePerRequestFilter.java:119)
	at org.apache.catalina.core.ApplicationFilterChain.internalDoFilter(ApplicationFilterChain.java:193)
	at org.apache.catalina.core.ApplicationFilterChain.doFilter(ApplicationFilterChain.java:166)
	at org.springframework.web.filter.FormContentFilter.doFilterInternal(FormContentFilter.java:93)
	at org.springframework.web.filter.OncePerRequestFilter.doFilter(OncePerRequestFilter.java:119)
	at org.apache.catalina.core.ApplicationFilterChain.internalDoFilter(ApplicationFilterChain.java:193)
	at org.apache.catalina.core.ApplicationFilterChain.doFilter(ApplicationFilterChain.java:166)
	at org.springframework.web.filter.CharacterEncodingFilter.doFilterInternal(CharacterEncodingFilter.java:201)
	at org.springframework.web.filter.OncePerRequestFilter.doFilter(OncePerRequestFilter.java:119)
	at org.apache.catalina.core.ApplicationFilterChain.internalDoFilter(ApplicationFilterChain.java:193)
	at org.apache.catalina.core.ApplicationFilterChain.doFilter(ApplicationFilterChain.java:166)
	at org.apache.catalina.core.StandardWrapperValve.invoke(StandardWrapperValve.java:202)
	at org.apache.catalina.core.StandardContextValve.invoke(StandardContextValve.java:97)
	at org.apache.catalina.authenticator.AuthenticatorBase.invoke(AuthenticatorBase.java:542)
	at org.apache.catalina.core.StandardHostValve.invoke(StandardHostValve.java:143)
	at org.apache.catalina.valves.ErrorReportValve.invoke(ErrorReportValve.java:92)
	at org.apache.catalina.core.StandardEngineValve.invoke(StandardEngineValve.java:78)
	at org.apache.catalina.connector.CoyoteAdapter.service(CoyoteAdapter.java:343)
	at org.apache.coyote.http11.Http11Processor.service(Http11Processor.java:374)
	at org.apache.coyote.AbstractProcessorLight.process(AbstractProcessorLight.java:65)
	at org.apache.coyote.AbstractProtocol$ConnectionHandler.process(AbstractProtocol.java:888)
	at org.apache.tomcat.util.net.NioEndpoint$SocketProcessor.doRun(NioEndpoint.java:1597)
	at org.apache.tomcat.util.net.SocketProcessorBase.run(SocketProcessorBase.java:49)
	at java.base/java.util.concurrent.ThreadPoolExecutor.runWorker(ThreadPoolExecutor.java:1128)
	at java.base/java.util.concurrent.ThreadPoolExecutor$Worker.run(ThreadPoolExecutor.java:628)
	at org.apache.tomcat.util.threads.TaskThread$WrappingRunnable.run(TaskThread.java:61)
	at java.base/java.lang.Thread.run(Thread.java:829)

  .   ____          _            __ _ _
 /\\ / ___'_ __ _ _(_)_ __  __ _ \ \ \ \
( ( )\___ | '_ | '_| | '_ \/ _` | \ \ \ \
 \\/  ___)| |_)| | | | | || (_| |  ) ) ) )
  '  |____| .__|_| |_|_| |_\__, | / / / /
 =========|_|==============|___/=/_/_/_/
 :: Spring Boot ::                (v2.4.2)

16:52:11.319 INFO  [File:RepositoryConfigurationDelegate.java] [Func:registerRepositoriesIn] [Line:128] [Message:Bootstrapping Spring Data JPA repositories in DEFAULT mode.]- Bootstrapping Spring Data JPA repositories in DEFAULT mode.
16:52:11.369 INFO  [File:RepositoryConfigurationDelegate.java] [Func:registerRepositoriesIn] [Line:188] [Message:Finished Spring Data repository scanning in 22 ms. Found 0 JPA repository interfaces.]- Finished Spring Data repository scanning in 22 ms. Found 0 JPA repository interfaces.
16:52:13.067 INFO  [File:TomcatWebServer.java] [Func:initialize] [Line:108] [Message:Tomcat initialized with port(s): 9000 (http)]- Tomcat initialized with port(s): 9000 (http)
16:52:13.101 INFO  [File:DirectJDKLog.java] [Func:log] [Line:173] [Message:Initializing ProtocolHandler ["http-nio-9000"]]- Initializing ProtocolHandler ["http-nio-9000"]
16:52:13.103 INFO  [File:DirectJDKLog.java] [Func:log] [Line:173] [Message:Starting service [Tomcat]]- Starting service [Tomcat]
16:52:13.103 INFO  [File:DirectJDKLog.java] [Func:log] [Line:173] [Message:Starting Servlet engine: [Apache Tomcat/9.0.41]]- Starting Servlet engine: [Apache Tomcat/9.0.41]
16:52:13.267 INFO  [File:DirectJDKLog.java] [Func:log] [Line:173] [Message:Initializing Spring embedded WebApplicationContext]- Initializing Spring embedded WebApplicationContext
16:52:13.268 INFO  [File:ServletWebServerApplicationContext.java] [Func:prepareWebApplicationContext] [Line:289] [Message:Root WebApplicationContext: initialization completed in 3842 ms]- Root WebApplicationContext: initialization completed in 3842 ms
16:52:14.268 INFO  [File:HikariDataSource.java] [Func:getConnection] [Line:110] [Message:HikariPool-1 - Starting...]- HikariPool-1 - Starting...
16:52:15.385 INFO  [File:HikariDataSource.java] [Func:getConnection] [Line:123] [Message:HikariPool-1 - Start completed.]- HikariPool-1 - Start completed.
16:52:15.565 INFO  [File:LogHelper.java] [Func:logPersistenceUnitInformation] [Line:31] [Message:HHH000204: Processing PersistenceUnitInfo [name: default]]- HHH000204: Processing PersistenceUnitInfo [name: default]
16:52:15.789 INFO  [File:Version.java] [Func:logVersion] [Line:44] [Message:HHH000412: Hibernate ORM core version 5.4.27.Final]- HHH000412: Hibernate ORM core version 5.4.27.Final
16:52:16.317 INFO  [File:JavaReflectionManager.java] [Func:<clinit>] [Line:56] [Message:HCANN000001: Hibernate Commons Annotations {5.1.2.Final}]- HCANN000001: Hibernate Commons Annotations {5.1.2.Final}
16:52:16.643 INFO  [File:Dialect.java] [Func:<init>] [Line:175] [Message:HHH000400: Using dialect: org.hibernate.dialect.MySQL8Dialect]- HHH000400: Using dialect: org.hibernate.dialect.MySQL8Dialect
16:52:17.166 INFO  [File:JtaPlatformInitiator.java] [Func:initiateService] [Line:52] [Message:HHH000490: Using JtaPlatform implementation: [org.hibernate.engine.transaction.jta.platform.internal.NoJtaPlatform]]- HHH000490: Using JtaPlatform implementation: [org.hibernate.engine.transaction.jta.platform.internal.NoJtaPlatform]
16:52:17.186 INFO  [File:AbstractEntityManagerFactoryBean.java] [Func:buildNativeEntityManagerFactory] [Line:437] [Message:Initialized JPA EntityManagerFactory for persistence unit 'default']- Initialized JPA EntityManagerFactory for persistence unit 'default'
16:52:17.436 WARN  [File:JpaBaseConfiguration.java] [Func:openEntityManagerInViewInterceptor] [Line:221] [Message:spring.jpa.open-in-view is enabled by default. Therefore, database queries may be performed during view rendering. Explicitly configure spring.jpa.open-in-view to disable this warning]- spring.jpa.open-in-view is enabled by default. Therefore, database queries may be performed during view rendering. Explicitly configure spring.jpa.open-in-view to disable this warning
16:52:17.628 INFO  [File:UserDetailsServiceAutoConfiguration.java] [Func:getOrDeducePassword] [Line:86] [Message:

Using generated security password: 512f3306-f693-444c-8f62-53a845e7e7e4
]- 

Using generated security password: 512f3306-f693-444c-8f62-53a845e7e7e4

16:52:17.822 INFO  [File:DefaultSecurityFilterChain.java] [Func:<init>] [Line:51] [Message:Will secure any request with [org.springframework.security.web.context.request.async.WebAsyncManagerIntegrationFilter@6fd12c5, org.springframework.security.web.context.SecurityContextPersistenceFilter@17a703f5, org.springframework.security.web.header.HeaderWriterFilter@5bb51241, org.springframework.security.web.authentication.logout.LogoutFilter@64968732, org.springframework.security.web.savedrequest.RequestCacheAwareFilter@618ad2aa, org.springframework.security.web.servletapi.SecurityContextHolderAwareRequestFilter@4867ab9f, org.springframework.security.web.authentication.AnonymousAuthenticationFilter@1de0a46c, org.springframework.security.web.session.SessionManagementFilter@45bf6f39, org.springframework.security.web.access.ExceptionTranslationFilter@79d06bbd]]- Will secure any request with [org.springframework.security.web.context.request.async.WebAsyncManagerIntegrationFilter@6fd12c5, org.springframework.security.web.context.SecurityContextPersistenceFilter@17a703f5, org.springframework.security.web.header.HeaderWriterFilter@5bb51241, org.springframework.security.web.authentication.logout.LogoutFilter@64968732, org.springframework.security.web.savedrequest.RequestCacheAwareFilter@618ad2aa, org.springframework.security.web.servletapi.SecurityContextHolderAwareRequestFilter@4867ab9f, org.springframework.security.web.authentication.AnonymousAuthenticationFilter@1de0a46c, org.springframework.security.web.session.SessionManagementFilter@45bf6f39, org.springframework.security.web.access.ExceptionTranslationFilter@79d06bbd]
16:52:18.162 INFO  [File:ExecutorConfigurationSupport.java] [Func:initialize] [Line:181] [Message:Initializing ExecutorService 'applicationTaskExecutor']- Initializing ExecutorService 'applicationTaskExecutor'
16:52:18.699 INFO  [File:DirectJDKLog.java] [Func:log] [Line:173] [Message:Starting ProtocolHandler ["http-nio-9000"]]- Starting ProtocolHandler ["http-nio-9000"]
16:52:18.759 INFO  [File:TomcatWebServer.java] [Func:start] [Line:220] [Message:Tomcat started on port(s): 9000 (http) with context path '']- Tomcat started on port(s): 9000 (http) with context path ''
HEAP Size(M) : 34 MB
16:54:33.390 INFO  [File:DirectJDKLog.java] [Func:log] [Line:175] [Message:Error parsing HTTP request header
 Note: further occurrences of HTTP request parsing errors will be logged at DEBUG level.]- Error parsing HTTP request header
 Note: further occurrences of HTTP request parsing errors will be logged at DEBUG level.
java.lang.IllegalArgumentException: Invalid character found in method name [Z0xa50x01]. HTTP method names must be tokens
	at org.apache.coyote.http11.Http11InputBuffer.parseRequestLine(Http11InputBuffer.java:417)
	at org.apache.coyote.http11.Http11Processor.service(Http11Processor.java:261)
	at org.apache.coyote.AbstractProcessorLight.process(AbstractProcessorLight.java:65)
	at org.apache.coyote.AbstractProtocol$ConnectionHandler.process(AbstractProtocol.java:888)
	at org.apache.tomcat.util.net.NioEndpoint$SocketProcessor.doRun(NioEndpoint.java:1597)
	at org.apache.tomcat.util.net.SocketProcessorBase.run(SocketProcessorBase.java:49)
	at java.base/java.util.concurrent.ThreadPoolExecutor.runWorker(ThreadPoolExecutor.java:1128)
	at java.base/java.util.concurrent.ThreadPoolExecutor$Worker.run(ThreadPoolExecutor.java:628)
	at org.apache.tomcat.util.threads.TaskThread$WrappingRunnable.run(TaskThread.java:61)
	at java.base/java.lang.Thread.run(Thread.java:829)
17:00:59.122 INFO  [File:DirectJDKLog.java] [Func:log] [Line:173] [Message:Initializing Spring DispatcherServlet 'dispatcherServlet']- Initializing Spring DispatcherServlet 'dispatcherServlet'
17:00:59.151 INFO  [File:FrameworkServlet.java] [Func:initServletBean] [Line:525] [Message:Initializing Servlet 'dispatcherServlet']- Initializing Servlet 'dispatcherServlet'
17:00:59.305 INFO  [File:FrameworkServlet.java] [Func:initServletBean] [Line:547] [Message:Completed initialization in 153 ms]- Completed initialization in 153 ms

  .   ____          _            __ _ _
 /\\ / ___'_ __ _ _(_)_ __  __ _ \ \ \ \
( ( )\___ | '_ | '_| | '_ \/ _` | \ \ \ \
 \\/  ___)| |_)| | | | | || (_| |  ) ) ) )
  '  |____| .__|_| |_|_| |_\__, | / / / /
 =========|_|==============|___/=/_/_/_/
 :: Spring Boot ::                (v2.4.2)

17:13:22.247 INFO  [File:RepositoryConfigurationDelegate.java] [Func:registerRepositoriesIn] [Line:128] [Message:Bootstrapping Spring Data JPA repositories in DEFAULT mode.]- Bootstrapping Spring Data JPA repositories in DEFAULT mode.
17:13:22.292 INFO  [File:RepositoryConfigurationDelegate.java] [Func:registerRepositoriesIn] [Line:188] [Message:Finished Spring Data repository scanning in 20 ms. Found 0 JPA repository interfaces.]- Finished Spring Data repository scanning in 20 ms. Found 0 JPA repository interfaces.
17:13:23.924 INFO  [File:TomcatWebServer.java] [Func:initialize] [Line:108] [Message:Tomcat initialized with port(s): 9000 (http)]- Tomcat initialized with port(s): 9000 (http)
17:13:23.954 INFO  [File:DirectJDKLog.java] [Func:log] [Line:173] [Message:Initializing ProtocolHandler ["http-nio-9000"]]- Initializing ProtocolHandler ["http-nio-9000"]
17:13:23.961 INFO  [File:DirectJDKLog.java] [Func:log] [Line:173] [Message:Starting service [Tomcat]]- Starting service [Tomcat]
17:13:23.962 INFO  [File:DirectJDKLog.java] [Func:log] [Line:173] [Message:Starting Servlet engine: [Apache Tomcat/9.0.41]]- Starting Servlet engine: [Apache Tomcat/9.0.41]
17:13:24.119 INFO  [File:DirectJDKLog.java] [Func:log] [Line:173] [Message:Initializing Spring embedded WebApplicationContext]- Initializing Spring embedded WebApplicationContext
17:13:24.119 INFO  [File:ServletWebServerApplicationContext.java] [Func:prepareWebApplicationContext] [Line:289] [Message:Root WebApplicationContext: initialization completed in 3908 ms]- Root WebApplicationContext: initialization completed in 3908 ms
17:13:25.126 INFO  [File:HikariDataSource.java] [Func:getConnection] [Line:110] [Message:HikariPool-1 - Starting...]- HikariPool-1 - Starting...
17:13:26.310 INFO  [File:HikariDataSource.java] [Func:getConnection] [Line:123] [Message:HikariPool-1 - Start completed.]- HikariPool-1 - Start completed.
17:13:26.503 INFO  [File:LogHelper.java] [Func:logPersistenceUnitInformation] [Line:31] [Message:HHH000204: Processing PersistenceUnitInfo [name: default]]- HHH000204: Processing PersistenceUnitInfo [name: default]
17:13:26.757 INFO  [File:Version.java] [Func:logVersion] [Line:44] [Message:HHH000412: Hibernate ORM core version 5.4.27.Final]- HHH000412: Hibernate ORM core version 5.4.27.Final
17:13:27.278 INFO  [File:JavaReflectionManager.java] [Func:<clinit>] [Line:56] [Message:HCANN000001: Hibernate Commons Annotations {5.1.2.Final}]- HCANN000001: Hibernate Commons Annotations {5.1.2.Final}
17:13:27.612 INFO  [File:Dialect.java] [Func:<init>] [Line:175] [Message:HHH000400: Using dialect: org.hibernate.dialect.MySQL8Dialect]- HHH000400: Using dialect: org.hibernate.dialect.MySQL8Dialect
17:13:28.489 INFO  [File:JtaPlatformInitiator.java] [Func:initiateService] [Line:52] [Message:HHH000490: Using JtaPlatform implementation: [org.hibernate.engine.transaction.jta.platform.internal.NoJtaPlatform]]- HHH000490: Using JtaPlatform implementation: [org.hibernate.engine.transaction.jta.platform.internal.NoJtaPlatform]
17:13:28.551 INFO  [File:AbstractEntityManagerFactoryBean.java] [Func:buildNativeEntityManagerFactory] [Line:437] [Message:Initialized JPA EntityManagerFactory for persistence unit 'default']- Initialized JPA EntityManagerFactory for persistence unit 'default'
17:13:29.033 WARN  [File:JpaBaseConfiguration.java] [Func:openEntityManagerInViewInterceptor] [Line:221] [Message:spring.jpa.open-in-view is enabled by default. Therefore, database queries may be performed during view rendering. Explicitly configure spring.jpa.open-in-view to disable this warning]- spring.jpa.open-in-view is enabled by default. Therefore, database queries may be performed during view rendering. Explicitly configure spring.jpa.open-in-view to disable this warning
17:13:29.412 INFO  [File:UserDetailsServiceAutoConfiguration.java] [Func:getOrDeducePassword] [Line:86] [Message:

Using generated security password: 2cc319be-d657-4a55-9e0f-d2e6408531d2
]- 

Using generated security password: 2cc319be-d657-4a55-9e0f-d2e6408531d2

17:13:29.839 INFO  [File:DefaultSecurityFilterChain.java] [Func:<init>] [Line:51] [Message:Will secure any request with [org.springframework.security.web.context.request.async.WebAsyncManagerIntegrationFilter@64968732, org.springframework.security.web.context.SecurityContextPersistenceFilter@45bf6f39, org.springframework.security.web.header.HeaderWriterFilter@79d06bbd, org.springframework.security.web.authentication.logout.LogoutFilter@5e8cda75, org.springframework.security.web.savedrequest.RequestCacheAwareFilter@17a703f5, org.springframework.security.web.servletapi.SecurityContextHolderAwareRequestFilter@3531f3ca, org.springframework.security.web.authentication.AnonymousAuthenticationFilter@3e1a3801, org.springframework.security.web.session.SessionManagementFilter@70f822e, org.springframework.security.web.access.ExceptionTranslationFilter@9e2ad91]]- Will secure any request with [org.springframework.security.web.context.request.async.WebAsyncManagerIntegrationFilter@64968732, org.springframework.security.web.context.SecurityContextPersistenceFilter@45bf6f39, org.springframework.security.web.header.HeaderWriterFilter@79d06bbd, org.springframework.security.web.authentication.logout.LogoutFilter@5e8cda75, org.springframework.security.web.savedrequest.RequestCacheAwareFilter@17a703f5, org.springframework.security.web.servletapi.SecurityContextHolderAwareRequestFilter@3531f3ca, org.springframework.security.web.authentication.AnonymousAuthenticationFilter@3e1a3801, org.springframework.security.web.session.SessionManagementFilter@70f822e, org.springframework.security.web.access.ExceptionTranslationFilter@9e2ad91]
17:13:30.540 INFO  [File:ExecutorConfigurationSupport.java] [Func:initialize] [Line:181] [Message:Initializing ExecutorService 'applicationTaskExecutor']- Initializing ExecutorService 'applicationTaskExecutor'
17:13:31.207 WARN  [File:AbstractApplicationContext.java] [Func:refresh] [Line:596] [Message:Exception encountered during context initialization - cancelling refresh attempt: org.springframework.beans.factory.BeanCreationException: Error creating bean with name 'handlerExceptionResolver' defined in class path resource [org/springframework/boot/autoconfigure/web/servlet/WebMvcAutoConfiguration$EnableWebMvcConfiguration.class]: Bean instantiation via factory method failed; nested exception is org.springframework.beans.BeanInstantiationException: Failed to instantiate [org.springframework.web.servlet.HandlerExceptionResolver]: Factory method 'handlerExceptionResolver' threw exception; nested exception is java.lang.NoClassDefFoundError: org/springframework/web/servlet/mvc/annotation/ResponseStatusExceptionResolver]- Exception encountered during context initialization - cancelling refresh attempt: org.springframework.beans.factory.BeanCreationException: Error creating bean with name 'handlerExceptionResolver' defined in class path resource [org/springframework/boot/autoconfigure/web/servlet/WebMvcAutoConfiguration$EnableWebMvcConfiguration.class]: Bean instantiation via factory method failed; nested exception is org.springframework.beans.BeanInstantiationException: Failed to instantiate [org.springframework.web.servlet.HandlerExceptionResolver]: Factory method 'handlerExceptionResolver' threw exception; nested exception is java.lang.NoClassDefFoundError: org/springframework/web/servlet/mvc/annotation/ResponseStatusExceptionResolver
17:13:31.209 INFO  [File:ExecutorConfigurationSupport.java] [Func:shutdown] [Line:218] [Message:Shutting down ExecutorService 'applicationTaskExecutor']- Shutting down ExecutorService 'applicationTaskExecutor'
17:13:31.218 INFO  [File:AbstractEntityManagerFactoryBean.java] [Func:destroy] [Line:651] [Message:Closing JPA EntityManagerFactory for persistence unit 'default']- Closing JPA EntityManagerFactory for persistence unit 'default'
17:13:31.223 WARN  [File:DisposableBeanAdapter.java] [Func:destroy] [Line:267] [Message:Invocation of destroy method failed on bean with name 'entityManagerFactory': java.lang.NoClassDefFoundError: org/springframework/orm/hibernate5/SpringBeanContainer$SpringContainedBean]- Invocation of destroy method failed on bean with name 'entityManagerFactory': java.lang.NoClassDefFoundError: org/springframework/orm/hibernate5/SpringBeanContainer$SpringContainedBean
17:13:31.224 INFO  [File:HikariDataSource.java] [Func:close] [Line:350] [Message:HikariPool-1 - Shutdown initiated...]- HikariPool-1 - Shutdown initiated...
17:13:31.264 INFO  [File:HikariDataSource.java] [Func:close] [Line:352] [Message:HikariPool-1 - Shutdown completed.]- HikariPool-1 - Shutdown completed.
Exception in thread "main" java.lang.reflect.InvocationTargetException
	at java.base/jdk.internal.reflect.NativeMethodAccessorImpl.invoke0(Native Method)
	at java.base/jdk.internal.reflect.NativeMethodAccessorImpl.invoke(NativeMethodAccessorImpl.java:62)
	at java.base/jdk.internal.reflect.DelegatingMethodAccessorImpl.invoke(DelegatingMethodAccessorImpl.java:43)
	at java.base/java.lang.reflect.Method.invoke(Method.java:566)
	at org.springframework.boot.loader.MainMethodRunner.run(MainMethodRunner.java:49)
	at org.springframework.boot.loader.Launcher.launch(Launcher.java:107)
	at org.springframework.boot.loader.Launcher.launch(Launcher.java:58)
	at org.springframework.boot.loader.JarLauncher.main(JarLauncher.java:88)
Caused by: java.lang.NoClassDefFoundError: ch/qos/logback/classic/spi/ThrowableProxy
	at ch.qos.logback.classic.spi.LoggingEvent.<init>(LoggingEvent.java:119)
	at ch.qos.logback.classic.Logger.buildLoggingEventAndAppend(Logger.java:419)
	at ch.qos.logback.classic.Logger.filterAndLog_0_Or3Plus(Logger.java:383)
	at ch.qos.logback.classic.Logger.log(Logger.java:765)
	at org.apache.commons.logging.LogAdapter$Slf4jLocationAwareLog.error(LogAdapter.java:433)
	at org.springframework.boot.SpringApplication.reportFailure(SpringApplication.java:856)
	at org.springframework.boot.SpringApplication.handleRunFailure(SpringApplication.java:821)
	at org.springframework.boot.SpringApplication.run(SpringApplication.java:336)
	at org.springframework.boot.SpringApplication.run(SpringApplication.java:1311)
	at org.springframework.boot.SpringApplication.run(SpringApplication.java:1300)
	at com.example.demo.DemoApplication.main(DemoApplication.java:11)
	... 8 more
Caused by: java.lang.ClassNotFoundException: ch.qos.logback.classic.spi.ThrowableProxy
	at java.base/java.net.URLClassLoader.findClass(URLClassLoader.java:471)
	at java.base/java.lang.ClassLoader.loadClass(ClassLoader.java:589)
	at org.springframework.boot.loader.LaunchedURLClassLoader.loadClass(LaunchedURLClassLoader.java:151)
	at java.base/java.lang.ClassLoader.loadClass(ClassLoader.java:522)
	... 19 more

  .   ____          _            __ _ _
 /\\ / ___'_ __ _ _(_)_ __  __ _ \ \ \ \
( ( )\___ | '_ | '_| | '_ \/ _` | \ \ \ \
 \\/  ___)| |_)| | | | | || (_| |  ) ) ) )
  '  |____| .__|_| |_|_| |_\__, | / / / /
 =========|_|==============|___/=/_/_/_/
 :: Spring Boot ::                (v2.4.2)

06:42:51.003 INFO  [File:RepositoryConfigurationDelegate.java] [Func:registerRepositoriesIn] [Line:128] [Message:Bootstrapping Spring Data JPA repositories in DEFAULT mode.]- Bootstrapping Spring Data JPA repositories in DEFAULT mode.
06:42:51.065 INFO  [File:RepositoryConfigurationDelegate.java] [Func:registerRepositoriesIn] [Line:188] [Message:Finished Spring Data repository scanning in 33 ms. Found 0 JPA repository interfaces.]- Finished Spring Data repository scanning in 33 ms. Found 0 JPA repository interfaces.
06:42:52.790 INFO  [File:TomcatWebServer.java] [Func:initialize] [Line:108] [Message:Tomcat initialized with port(s): 9000 (http)]- Tomcat initialized with port(s): 9000 (http)
06:42:52.825 INFO  [File:DirectJDKLog.java] [Func:log] [Line:173] [Message:Initializing ProtocolHandler ["http-nio-9000"]]- Initializing ProtocolHandler ["http-nio-9000"]
06:42:52.827 INFO  [File:DirectJDKLog.java] [Func:log] [Line:173] [Message:Starting service [Tomcat]]- Starting service [Tomcat]
06:42:52.827 INFO  [File:DirectJDKLog.java] [Func:log] [Line:173] [Message:Starting Servlet engine: [Apache Tomcat/9.0.41]]- Starting Servlet engine: [Apache Tomcat/9.0.41]
06:42:52.983 INFO  [File:DirectJDKLog.java] [Func:log] [Line:173] [Message:Initializing Spring embedded WebApplicationContext]- Initializing Spring embedded WebApplicationContext
06:42:52.984 INFO  [File:ServletWebServerApplicationContext.java] [Func:prepareWebApplicationContext] [Line:289] [Message:Root WebApplicationContext: initialization completed in 4090 ms]- Root WebApplicationContext: initialization completed in 4090 ms
06:42:54.102 INFO  [File:HikariDataSource.java] [Func:getConnection] [Line:110] [Message:HikariPool-1 - Starting...]- HikariPool-1 - Starting...
06:42:55.387 INFO  [File:HikariDataSource.java] [Func:getConnection] [Line:123] [Message:HikariPool-1 - Start completed.]- HikariPool-1 - Start completed.
06:42:55.583 INFO  [File:LogHelper.java] [Func:logPersistenceUnitInformation] [Line:31] [Message:HHH000204: Processing PersistenceUnitInfo [name: default]]- HHH000204: Processing PersistenceUnitInfo [name: default]
06:42:55.858 INFO  [File:Version.java] [Func:logVersion] [Line:44] [Message:HHH000412: Hibernate ORM core version 5.4.27.Final]- HHH000412: Hibernate ORM core version 5.4.27.Final
06:42:56.400 INFO  [File:JavaReflectionManager.java] [Func:<clinit>] [Line:56] [Message:HCANN000001: Hibernate Commons Annotations {5.1.2.Final}]- HCANN000001: Hibernate Commons Annotations {5.1.2.Final}
06:42:56.749 INFO  [File:Dialect.java] [Func:<init>] [Line:175] [Message:HHH000400: Using dialect: org.hibernate.dialect.MySQL8Dialect]- HHH000400: Using dialect: org.hibernate.dialect.MySQL8Dialect
06:42:57.269 INFO  [File:JtaPlatformInitiator.java] [Func:initiateService] [Line:52] [Message:HHH000490: Using JtaPlatform implementation: [org.hibernate.engine.transaction.jta.platform.internal.NoJtaPlatform]]- HHH000490: Using JtaPlatform implementation: [org.hibernate.engine.transaction.jta.platform.internal.NoJtaPlatform]
06:42:57.294 INFO  [File:AbstractEntityManagerFactoryBean.java] [Func:buildNativeEntityManagerFactory] [Line:437] [Message:Initialized JPA EntityManagerFactory for persistence unit 'default']- Initialized JPA EntityManagerFactory for persistence unit 'default'
06:42:57.628 WARN  [File:JpaBaseConfiguration.java] [Func:openEntityManagerInViewInterceptor] [Line:221] [Message:spring.jpa.open-in-view is enabled by default. Therefore, database queries may be performed during view rendering. Explicitly configure spring.jpa.open-in-view to disable this warning]- spring.jpa.open-in-view is enabled by default. Therefore, database queries may be performed during view rendering. Explicitly configure spring.jpa.open-in-view to disable this warning
06:42:57.838 INFO  [File:UserDetailsServiceAutoConfiguration.java] [Func:getOrDeducePassword] [Line:86] [Message:

Using generated security password: 719c8d2c-08fd-4d94-82b9-77be98d86216
]- 

Using generated security password: 719c8d2c-08fd-4d94-82b9-77be98d86216

06:42:58.047 INFO  [File:DefaultSecurityFilterChain.java] [Func:<init>] [Line:51] [Message:Will secure any request with [org.springframework.security.web.context.request.async.WebAsyncManagerIntegrationFilter@7c1e32c9, org.springframework.security.web.context.SecurityContextPersistenceFilter@60859f5a, org.springframework.security.web.header.HeaderWriterFilter@19650aa6, org.springframework.security.web.authentication.logout.LogoutFilter@10bea4, org.springframework.security.web.savedrequest.RequestCacheAwareFilter@7fd8c559, org.springframework.security.web.servletapi.SecurityContextHolderAwareRequestFilter@55a88417, org.springframework.security.web.authentication.AnonymousAuthenticationFilter@383864d5, org.springframework.security.web.session.SessionManagementFilter@59d77850, org.springframework.security.web.access.ExceptionTranslationFilter@7a389761]]- Will secure any request with [org.springframework.security.web.context.request.async.WebAsyncManagerIntegrationFilter@7c1e32c9, org.springframework.security.web.context.SecurityContextPersistenceFilter@60859f5a, org.springframework.security.web.header.HeaderWriterFilter@19650aa6, org.springframework.security.web.authentication.logout.LogoutFilter@10bea4, org.springframework.security.web.savedrequest.RequestCacheAwareFilter@7fd8c559, org.springframework.security.web.servletapi.SecurityContextHolderAwareRequestFilter@55a88417, org.springframework.security.web.authentication.AnonymousAuthenticationFilter@383864d5, org.springframework.security.web.session.SessionManagementFilter@59d77850, org.springframework.security.web.access.ExceptionTranslationFilter@7a389761]
06:42:58.384 INFO  [File:ExecutorConfigurationSupport.java] [Func:initialize] [Line:181] [Message:Initializing ExecutorService 'applicationTaskExecutor']- Initializing ExecutorService 'applicationTaskExecutor'
06:42:58.937 INFO  [File:DirectJDKLog.java] [Func:log] [Line:173] [Message:Starting ProtocolHandler ["http-nio-9000"]]- Starting ProtocolHandler ["http-nio-9000"]
06:42:58.995 INFO  [File:TomcatWebServer.java] [Func:start] [Line:220] [Message:Tomcat started on port(s): 9000 (http) with context path '']- Tomcat started on port(s): 9000 (http) with context path ''
HEAP Size(M) : 34 MB
06:43:25.155 INFO  [File:DirectJDKLog.java] [Func:log] [Line:173] [Message:Initializing Spring DispatcherServlet 'dispatcherServlet']- Initializing Spring DispatcherServlet 'dispatcherServlet'
06:43:25.156 INFO  [File:FrameworkServlet.java] [Func:initServletBean] [Line:525] [Message:Initializing Servlet 'dispatcherServlet']- Initializing Servlet 'dispatcherServlet'
06:43:25.162 INFO  [File:FrameworkServlet.java] [Func:initServletBean] [Line:547] [Message:Completed initialization in 6 ms]- Completed initialization in 6 ms
checkJwtTime 값 : 1
checkJwtTime 값 : 1
checkJwtTime 값 : 1
checkJwtTime 값 : 1
checkJwtTime 값 : 1
checkJwtTime 값 : 1

  .   ____          _            __ _ _
 /\\ / ___'_ __ _ _(_)_ __  __ _ \ \ \ \
( ( )\___ | '_ | '_| | '_ \/ _` | \ \ \ \
 \\/  ___)| |_)| | | | | || (_| |  ) ) ) )
  '  |____| .__|_| |_|_| |_\__, | / / / /
 =========|_|==============|___/=/_/_/_/
 :: Spring Boot ::                (v2.4.2)

06:48:30.952 INFO  [File:RepositoryConfigurationDelegate.java] [Func:registerRepositoriesIn] [Line:128] [Message:Bootstrapping Spring Data JPA repositories in DEFAULT mode.]- Bootstrapping Spring Data JPA repositories in DEFAULT mode.
06:48:31.007 INFO  [File:RepositoryConfigurationDelegate.java] [Func:registerRepositoriesIn] [Line:188] [Message:Finished Spring Data repository scanning in 24 ms. Found 0 JPA repository interfaces.]- Finished Spring Data repository scanning in 24 ms. Found 0 JPA repository interfaces.
06:48:32.642 INFO  [File:TomcatWebServer.java] [Func:initialize] [Line:108] [Message:Tomcat initialized with port(s): 9000 (http)]- Tomcat initialized with port(s): 9000 (http)
06:48:32.674 INFO  [File:DirectJDKLog.java] [Func:log] [Line:173] [Message:Initializing ProtocolHandler ["http-nio-9000"]]- Initializing ProtocolHandler ["http-nio-9000"]
06:48:32.681 INFO  [File:DirectJDKLog.java] [Func:log] [Line:173] [Message:Starting service [Tomcat]]- Starting service [Tomcat]
06:48:32.681 INFO  [File:DirectJDKLog.java] [Func:log] [Line:173] [Message:Starting Servlet engine: [Apache Tomcat/9.0.41]]- Starting Servlet engine: [Apache Tomcat/9.0.41]
06:48:32.847 INFO  [File:DirectJDKLog.java] [Func:log] [Line:173] [Message:Initializing Spring embedded WebApplicationContext]- Initializing Spring embedded WebApplicationContext
06:48:32.847 INFO  [File:ServletWebServerApplicationContext.java] [Func:prepareWebApplicationContext] [Line:289] [Message:Root WebApplicationContext: initialization completed in 3948 ms]- Root WebApplicationContext: initialization completed in 3948 ms
06:48:33.921 INFO  [File:HikariDataSource.java] [Func:getConnection] [Line:110] [Message:HikariPool-1 - Starting...]- HikariPool-1 - Starting...
06:48:34.882 INFO  [File:HikariDataSource.java] [Func:getConnection] [Line:123] [Message:HikariPool-1 - Start completed.]- HikariPool-1 - Start completed.
06:48:35.057 INFO  [File:LogHelper.java] [Func:logPersistenceUnitInformation] [Line:31] [Message:HHH000204: Processing PersistenceUnitInfo [name: default]]- HHH000204: Processing PersistenceUnitInfo [name: default]
06:48:35.340 INFO  [File:Version.java] [Func:logVersion] [Line:44] [Message:HHH000412: Hibernate ORM core version 5.4.27.Final]- HHH000412: Hibernate ORM core version 5.4.27.Final
06:48:36.148 INFO  [File:JavaReflectionManager.java] [Func:<clinit>] [Line:56] [Message:HCANN000001: Hibernate Commons Annotations {5.1.2.Final}]- HCANN000001: Hibernate Commons Annotations {5.1.2.Final}
06:48:36.518 INFO  [File:Dialect.java] [Func:<init>] [Line:175] [Message:HHH000400: Using dialect: org.hibernate.dialect.MySQL8Dialect]- HHH000400: Using dialect: org.hibernate.dialect.MySQL8Dialect
06:48:37.074 INFO  [File:JtaPlatformInitiator.java] [Func:initiateService] [Line:52] [Message:HHH000490: Using JtaPlatform implementation: [org.hibernate.engine.transaction.jta.platform.internal.NoJtaPlatform]]- HHH000490: Using JtaPlatform implementation: [org.hibernate.engine.transaction.jta.platform.internal.NoJtaPlatform]
06:48:37.099 INFO  [File:AbstractEntityManagerFactoryBean.java] [Func:buildNativeEntityManagerFactory] [Line:437] [Message:Initialized JPA EntityManagerFactory for persistence unit 'default']- Initialized JPA EntityManagerFactory for persistence unit 'default'
06:48:37.461 WARN  [File:JpaBaseConfiguration.java] [Func:openEntityManagerInViewInterceptor] [Line:221] [Message:spring.jpa.open-in-view is enabled by default. Therefore, database queries may be performed during view rendering. Explicitly configure spring.jpa.open-in-view to disable this warning]- spring.jpa.open-in-view is enabled by default. Therefore, database queries may be performed during view rendering. Explicitly configure spring.jpa.open-in-view to disable this warning
06:48:37.685 INFO  [File:UserDetailsServiceAutoConfiguration.java] [Func:getOrDeducePassword] [Line:86] [Message:

Using generated security password: 5de8fd0d-bb31-4c0c-a6c8-f5c654a6486d
]- 

Using generated security password: 5de8fd0d-bb31-4c0c-a6c8-f5c654a6486d

06:48:37.917 INFO  [File:DefaultSecurityFilterChain.java] [Func:<init>] [Line:51] [Message:Will secure any request with [org.springframework.security.web.context.request.async.WebAsyncManagerIntegrationFilter@7c1e32c9, org.springframework.security.web.context.SecurityContextPersistenceFilter@60859f5a, org.springframework.security.web.header.HeaderWriterFilter@19650aa6, org.springframework.security.web.authentication.logout.LogoutFilter@10bea4, org.springframework.security.web.savedrequest.RequestCacheAwareFilter@7fd8c559, org.springframework.security.web.servletapi.SecurityContextHolderAwareRequestFilter@55a88417, org.springframework.security.web.authentication.AnonymousAuthenticationFilter@383864d5, org.springframework.security.web.session.SessionManagementFilter@59d77850, org.springframework.security.web.access.ExceptionTranslationFilter@7a389761]]- Will secure any request with [org.springframework.security.web.context.request.async.WebAsyncManagerIntegrationFilter@7c1e32c9, org.springframework.security.web.context.SecurityContextPersistenceFilter@60859f5a, org.springframework.security.web.header.HeaderWriterFilter@19650aa6, org.springframework.security.web.authentication.logout.LogoutFilter@10bea4, org.springframework.security.web.savedrequest.RequestCacheAwareFilter@7fd8c559, org.springframework.security.web.servletapi.SecurityContextHolderAwareRequestFilter@55a88417, org.springframework.security.web.authentication.AnonymousAuthenticationFilter@383864d5, org.springframework.security.web.session.SessionManagementFilter@59d77850, org.springframework.security.web.access.ExceptionTranslationFilter@7a389761]
06:48:38.300 INFO  [File:ExecutorConfigurationSupport.java] [Func:initialize] [Line:181] [Message:Initializing ExecutorService 'applicationTaskExecutor']- Initializing ExecutorService 'applicationTaskExecutor'
06:48:38.913 INFO  [File:DirectJDKLog.java] [Func:log] [Line:173] [Message:Starting ProtocolHandler ["http-nio-9000"]]- Starting ProtocolHandler ["http-nio-9000"]
06:48:38.925 WARN  [File:AbstractApplicationContext.java] [Func:refresh] [Line:596] [Message:Exception encountered during context initialization - cancelling refresh attempt: org.springframework.context.ApplicationContextException: Failed to start bean 'webServerStartStop'; nested exception is org.springframework.boot.web.server.PortInUseException: Port 9000 is already in use]- Exception encountered during context initialization - cancelling refresh attempt: org.springframework.context.ApplicationContextException: Failed to start bean 'webServerStartStop'; nested exception is org.springframework.boot.web.server.PortInUseException: Port 9000 is already in use
06:48:38.930 INFO  [File:ExecutorConfigurationSupport.java] [Func:shutdown] [Line:218] [Message:Shutting down ExecutorService 'applicationTaskExecutor']- Shutting down ExecutorService 'applicationTaskExecutor'
06:48:38.932 INFO  [File:AbstractEntityManagerFactoryBean.java] [Func:destroy] [Line:651] [Message:Closing JPA EntityManagerFactory for persistence unit 'default']- Closing JPA EntityManagerFactory for persistence unit 'default'
06:48:38.938 INFO  [File:HikariDataSource.java] [Func:close] [Line:350] [Message:HikariPool-1 - Shutdown initiated...]- HikariPool-1 - Shutdown initiated...
06:48:38.973 INFO  [File:HikariDataSource.java] [Func:close] [Line:352] [Message:HikariPool-1 - Shutdown completed.]- HikariPool-1 - Shutdown completed.
06:48:38.975 INFO  [File:DirectJDKLog.java] [Func:log] [Line:173] [Message:Pausing ProtocolHandler ["http-nio-9000"]]- Pausing ProtocolHandler ["http-nio-9000"]
06:48:38.975 INFO  [File:DirectJDKLog.java] [Func:log] [Line:173] [Message:Stopping service [Tomcat]]- Stopping service [Tomcat]
06:48:38.989 INFO  [File:DirectJDKLog.java] [Func:log] [Line:173] [Message:Stopping ProtocolHandler ["http-nio-9000"]]- Stopping ProtocolHandler ["http-nio-9000"]
06:48:38.991 INFO  [File:DirectJDKLog.java] [Func:log] [Line:173] [Message:Destroying ProtocolHandler ["http-nio-9000"]]- Destroying ProtocolHandler ["http-nio-9000"]
06:48:39.015 INFO  [File:ConditionEvaluationReportLoggingListener.java] [Func:logMessage] [Line:136] [Message:

Error starting ApplicationContext. To display the conditions report re-run your application with 'debug' enabled.]- 

Error starting ApplicationContext. To display the conditions report re-run your application with 'debug' enabled.
06:48:39.076 ERROR [File:LoggingFailureAnalysisReporter.java] [Func:report] [Line:40] [Message:

***************************
APPLICATION FAILED TO START
***************************

Description:

Web server failed to start. Port 9000 was already in use.

Action:

Identify and stop the process that's listening on port 9000 or configure this application to listen on another port.
]- 

***************************
APPLICATION FAILED TO START
***************************

Description:

Web server failed to start. Port 9000 was already in use.

Action:

Identify and stop the process that's listening on port 9000 or configure this application to listen on another port.

checkJwtTime 값 : 1
checkJwtTime 값 : 1
